2018-03-24 11:39:56.989  INFO LAPTOP-OAEHTTJL --- [           main] e.n.Log                                  : Generated an unsuccessful report content
2018-03-24 11:39:56.996  INFO LAPTOP-OAEHTTJL --- [           main] e.n.Log                                  : Done Completing plagiarism check run
2018-03-24 11:39:57.000  INFO LAPTOP-OAEHTTJL --- [           main] e.n.Log                                  : Start Comparing All Submissions pairs
2018-03-24 11:39:57.000  INFO LAPTOP-OAEHTTJL --- [           main] e.n.Log                                  : Getting submission Files and comparing them
2018-03-24 11:39:57.001  INFO LAPTOP-OAEHTTJL --- [           main] e.n.Log                                  : Comparing files
2018-03-24 11:39:57.002  INFO LAPTOP-OAEHTTJL --- [           main] e.n.Log                                  : Done comparing getting submission Files and comparing them
2018-03-24 11:39:57.002  INFO LAPTOP-OAEHTTJL --- [           main] e.n.Log                                  : Done Comparing All Submissions pairs
2018-03-24 11:39:57.003  INFO LAPTOP-OAEHTTJL --- [           main] e.n.Log                                  : Report generated with 1 comparisons
2018-03-24 11:39:57.003  INFO LAPTOP-OAEHTTJL --- [           main] e.n.Log                                  : Saving the report
2018-03-24 11:39:57.003  INFO LAPTOP-OAEHTTJL --- [           main] e.n.Log                                  : Done Saving the report
2018-03-24 11:39:57.003  INFO LAPTOP-OAEHTTJL --- [           main] e.n.Log                                  : Done Completing plagiarism check run
2018-03-24 11:39:57.004  INFO LAPTOP-OAEHTTJL --- [           main] e.n.Log                                  : Start Comparing All Submissions pairs
2018-03-24 11:39:57.005  INFO LAPTOP-OAEHTTJL --- [           main] e.n.Log                                  : Getting submission Files and comparing them
2018-03-24 11:39:57.005  INFO LAPTOP-OAEHTTJL --- [           main] e.n.Log                                  : Comparing files
2018-03-24 11:39:57.005  INFO LAPTOP-OAEHTTJL --- [           main] e.n.Log                                  : Done comparing getting submission Files and comparing them
2018-03-24 11:39:57.005  INFO LAPTOP-OAEHTTJL --- [           main] e.n.Log                                  : Getting submission Files and comparing them
2018-03-24 11:39:57.005  INFO LAPTOP-OAEHTTJL --- [           main] e.n.Log                                  : Comparing files
2018-03-24 11:39:57.005  INFO LAPTOP-OAEHTTJL --- [           main] e.n.Log                                  : Done comparing getting submission Files and comparing them
2018-03-24 11:39:57.005  INFO LAPTOP-OAEHTTJL --- [           main] e.n.Log                                  : Getting submission Files and comparing them
2018-03-24 11:39:57.005  INFO LAPTOP-OAEHTTJL --- [           main] e.n.Log                                  : Comparing files
2018-03-24 11:39:57.005  INFO LAPTOP-OAEHTTJL --- [           main] e.n.Log                                  : Done comparing getting submission Files and comparing them
2018-03-24 11:39:57.006  INFO LAPTOP-OAEHTTJL --- [           main] e.n.Log                                  : Done Comparing All Submissions pairs
2018-03-24 11:39:57.006  INFO LAPTOP-OAEHTTJL --- [           main] e.n.Log                                  : Report generated with 3 comparisons
2018-03-24 11:39:57.006  INFO LAPTOP-OAEHTTJL --- [           main] e.n.Log                                  : Saving the report
2018-03-24 11:39:57.006  INFO LAPTOP-OAEHTTJL --- [           main] e.n.Log                                  : Done Saving the report
2018-03-24 11:39:57.006  INFO LAPTOP-OAEHTTJL --- [           main] e.n.Log                                  : Done Completing plagiarism check run
2018-03-24 11:39:57.009  INFO LAPTOP-OAEHTTJL --- [           main] e.n.Log                                  : Start Comparing All Submissions pairs
2018-03-24 11:39:57.009  INFO LAPTOP-OAEHTTJL --- [           main] e.n.Log                                  : Getting submission Files and comparing them
2018-03-24 11:39:57.009  INFO LAPTOP-OAEHTTJL --- [           main] e.n.Log                                  : Comparing files
2018-03-24 11:39:57.009  INFO LAPTOP-OAEHTTJL --- [           main] e.n.Log                                  : Comparing files
2018-03-24 11:39:57.009  INFO LAPTOP-OAEHTTJL --- [           main] e.n.Log                                  : Comparing files
2018-03-24 11:39:57.010  INFO LAPTOP-OAEHTTJL --- [           main] e.n.Log                                  : Comparing files
2018-03-24 11:39:57.010  INFO LAPTOP-OAEHTTJL --- [           main] e.n.Log                                  : Done comparing getting submission Files and comparing them
2018-03-24 11:39:57.010  INFO LAPTOP-OAEHTTJL --- [           main] e.n.Log                                  : Done Comparing All Submissions pairs
2018-03-24 11:39:57.010  INFO LAPTOP-OAEHTTJL --- [           main] e.n.Log                                  : Report generated with 4 comparisons
2018-03-24 11:39:57.010  INFO LAPTOP-OAEHTTJL --- [           main] e.n.Log                                  : Saving the report
2018-03-24 11:39:57.010  INFO LAPTOP-OAEHTTJL --- [           main] e.n.Log                                  : Done Saving the report
2018-03-24 11:39:57.010  INFO LAPTOP-OAEHTTJL --- [           main] e.n.Log                                  : Done Completing plagiarism check run
2018-03-24 11:39:57.012  INFO LAPTOP-OAEHTTJL --- [           main] e.n.Log                                  : Start Comparing All Submissions pairs
2018-03-24 11:39:57.012  INFO LAPTOP-OAEHTTJL --- [           main] e.n.Log                                  : Getting submission Files and comparing them
2018-03-24 11:39:57.013  INFO LAPTOP-OAEHTTJL --- [           main] e.n.Log                                  : Comparing files
2018-03-24 11:39:57.013  INFO LAPTOP-OAEHTTJL --- [           main] e.n.Log                                  : Done comparing getting submission Files and comparing them
2018-03-24 11:39:57.013  INFO LAPTOP-OAEHTTJL --- [           main] e.n.Log                                  : Done Comparing All Submissions pairs
2018-03-24 11:39:57.013  INFO LAPTOP-OAEHTTJL --- [           main] e.n.Log                                  : Report generated with 1 comparisons
2018-03-24 11:39:57.013  INFO LAPTOP-OAEHTTJL --- [           main] e.n.Log                                  : Saving the report
2018-03-24 11:39:57.013  INFO LAPTOP-OAEHTTJL --- [           main] e.n.Log                                  : Done Saving the report
2018-03-24 11:39:57.013  INFO LAPTOP-OAEHTTJL --- [           main] e.n.Log                                  : Done Completing plagiarism check run
2018-03-24 11:39:57.015  INFO LAPTOP-OAEHTTJL --- [           main] e.n.Log                                  : Start Comparing All Submissions pairs
2018-03-24 11:39:57.020  INFO LAPTOP-OAEHTTJL --- [           main] e.n.Log                                  : Getting submission Files and comparing them
2018-03-24 11:39:57.020  INFO LAPTOP-OAEHTTJL --- [           main] e.n.Log                                  : Comparing files
2018-03-24 11:39:57.021  INFO LAPTOP-OAEHTTJL --- [           main] e.n.Log                                  : Done comparing getting submission Files and comparing them
2018-03-24 11:39:57.026  INFO LAPTOP-OAEHTTJL --- [           main] e.n.Log                                  : Done Comparing All Submissions pairs
2018-03-24 11:39:57.026  INFO LAPTOP-OAEHTTJL --- [           main] e.n.Log                                  : Report generated with 1 comparisons
2018-03-24 11:39:57.027  INFO LAPTOP-OAEHTTJL --- [           main] e.n.Log                                  : Saving the report
2018-03-24 11:39:57.027  INFO LAPTOP-OAEHTTJL --- [           main] e.n.Log                                  : Done Saving the report
2018-03-24 11:39:57.028  INFO LAPTOP-OAEHTTJL --- [           main] e.n.Log                                  : Done Completing plagiarism check run
2018-03-24 11:39:57.031  INFO LAPTOP-OAEHTTJL --- [           main] e.n.Log                                  : Start Comparing All Submissions pairs
2018-03-24 11:39:57.031  INFO LAPTOP-OAEHTTJL --- [           main] e.n.Log                                  : Getting submission Files and comparing them
2018-03-24 11:39:57.032  INFO LAPTOP-OAEHTTJL --- [           main] e.n.Log                                  : Comparing files
2018-03-24 11:39:57.032  INFO LAPTOP-OAEHTTJL --- [           main] e.n.Log                                  : Comparing files
2018-03-24 11:39:57.032  INFO LAPTOP-OAEHTTJL --- [           main] e.n.Log                                  : Comparing files
2018-03-24 11:39:57.032  INFO LAPTOP-OAEHTTJL --- [           main] e.n.Log                                  : Comparing files
2018-03-24 11:39:57.032  INFO LAPTOP-OAEHTTJL --- [           main] e.n.Log                                  : Done comparing getting submission Files and comparing them
2018-03-24 11:39:57.032  INFO LAPTOP-OAEHTTJL --- [           main] e.n.Log                                  : Getting submission Files and comparing them
2018-03-24 11:39:57.032  INFO LAPTOP-OAEHTTJL --- [           main] e.n.Log                                  : Comparing files
2018-03-24 11:39:57.032  INFO LAPTOP-OAEHTTJL --- [           main] e.n.Log                                  : Comparing files
2018-03-24 11:39:57.032  INFO LAPTOP-OAEHTTJL --- [           main] e.n.Log                                  : Comparing files
2018-03-24 11:39:57.032  INFO LAPTOP-OAEHTTJL --- [           main] e.n.Log                                  : Comparing files
2018-03-24 11:39:57.032  INFO LAPTOP-OAEHTTJL --- [           main] e.n.Log                                  : Done comparing getting submission Files and comparing them
2018-03-24 11:39:57.032  INFO LAPTOP-OAEHTTJL --- [           main] e.n.Log                                  : Getting submission Files and comparing them
2018-03-24 11:39:57.033  INFO LAPTOP-OAEHTTJL --- [           main] e.n.Log                                  : Comparing files
2018-03-24 11:39:57.033  INFO LAPTOP-OAEHTTJL --- [           main] e.n.Log                                  : Comparing files
2018-03-24 11:39:57.033  INFO LAPTOP-OAEHTTJL --- [           main] e.n.Log                                  : Comparing files
2018-03-24 11:39:57.033  INFO LAPTOP-OAEHTTJL --- [           main] e.n.Log                                  : Comparing files
2018-03-24 11:39:57.033  INFO LAPTOP-OAEHTTJL --- [           main] e.n.Log                                  : Done comparing getting submission Files and comparing them
2018-03-24 11:39:57.033  INFO LAPTOP-OAEHTTJL --- [           main] e.n.Log                                  : Done Comparing All Submissions pairs
2018-03-24 11:39:57.033  INFO LAPTOP-OAEHTTJL --- [           main] e.n.Log                                  : Report generated with 12 comparisons
2018-03-24 11:39:57.033  INFO LAPTOP-OAEHTTJL --- [           main] e.n.Log                                  : Saving the report
2018-03-24 11:39:57.033  INFO LAPTOP-OAEHTTJL --- [           main] e.n.Log                                  : Done Saving the report
2018-03-24 11:39:57.033  INFO LAPTOP-OAEHTTJL --- [           main] e.n.Log                                  : Done Completing plagiarism check run
2018-03-24 11:39:57.420  INFO LAPTOP-OAEHTTJL --- [           main] e.n.Log                                  : Cloning from https://github.com/bharat94/hello_world.git to C:\Users\anant\AppData\Local\Temp\jgitTemphelloworld2375221303034402456
2018-03-24 11:40:00.194  INFO LAPTOP-OAEHTTJL --- [           main] e.n.Log                                  : Looping over files
2018-03-24 11:40:00.194  INFO LAPTOP-OAEHTTJL --- [           main] e.n.Log                                  : Visited file : README.md
2018-03-24 11:40:00.202  INFO LAPTOP-OAEHTTJL --- [           main] e.n.Log                                  : Done cloning https://github.com/bharat94/hello_world.git to C:\Users\anant\AppData\Local\Temp\jgitTemphelloworld2375221303034402456
2018-03-24 11:40:03.090  INFO LAPTOP-OAEHTTJL --- [           main] e.n.Log                                  : Starting user registration
2018-03-24 11:40:03.090 ERROR LAPTOP-OAEHTTJL --- [           main] e.n.Log                                  : errooorrr
2018-03-24 11:40:03.759  INFO LAPTOP-OAEHTTJL --- [           main] e.n.Log                                  : User registration successful
2018-03-24 11:40:04.021  INFO LAPTOP-OAEHTTJL --- [           main] e.n.Log                                  : Starting executor with 2 threads
2018-03-24 11:40:04.022  INFO LAPTOP-OAEHTTJL --- [           main] e.n.Log                                  : Submitting git plagiarism check to executor : null
2018-03-24 11:40:04.022  INFO LAPTOP-OAEHTTJL --- [           main] e.n.Log                                  : Submitted git plagiarism check to executor : null
2018-03-24 11:40:04.024  INFO LAPTOP-OAEHTTJL --- [           main] e.n.Log                                  : Stopping executor
2018-03-24 11:40:04.024  INFO LAPTOP-OAEHTTJL --- [pool-4-thread-1] e.n.Log                                  : Generated an unsuccessful report content
2018-03-24 11:40:04.024  INFO LAPTOP-OAEHTTJL --- [pool-4-thread-1] e.n.Log                                  : Done Completing plagiarism check run
