#
# A fatal error has been detected by the Java Runtime Environment:
#
#  SIGSEGV (0xb) at pc=0x00000001103e191a, pid=39161, tid=9219
#
# JRE version: Java(TM) SE Runtime Environment (9.0+11) (build 9.0.1+11)
# Java VM: Java HotSpot(TM) 64-Bit Server VM (9.0.1+11, mixed mode, tiered, compressed oops, g1 gc, bsd-amd64)
# Problematic frame:
# V  [libjvm.dylib+0x3e191a]
#
# No core dump will be written. Core dumps have been disabled. To enable core dumping, try "ulimit -c unlimited" before starting Java again
#
# If you would like to submit a bug report, please visit:
#   http://bugreport.java.com/bugreport/crash.jsp
#

---------------  S U M M A R Y ------------

Command Line: -Dfile.encoding=UTF-8 org.apache.catalina.startup.Tomcat$1

Host: MacBookPro12,1 x86_64 2700 MHz, 4 cores, 8G, Darwin 17.4.0
Time: Wed Feb 28 14:19:57 2018 EST elapsed time: 0 seconds (0d 0h 0m 0s)

---------------  T H R E A D  ---------------

Current thread (0x00007fb43880e000):  JavaThread "main" [_thread_in_vm, id=9219, stack(0x0000700007e30000,0x0000700007f30000)]

Stack: [0x0000700007e30000,0x0000700007f30000],  sp=0x0000700007f2fd30,  free space=1023k
Native frames: (J=compiled Java code, A=aot compiled Java code, j=interpreted, Vv=VM code, C=native code)
V  [libjvm.dylib+0x3e191a]
C  [java+0x7613]  PostJVMInit+0xb0
C  [java+0x4d58]  JavaMain+0xaeb
C  [libsystem_pthread.dylib+0x36c1]  _pthread_body+0x154
C  [libsystem_pthread.dylib+0x356d]  _pthread_body+0x0
C  [libsystem_pthread.dylib+0x2c5d]  thread_start+0xd
C  0x0000000000000000


siginfo: si_signo: 11 (SIGSEGV), si_code: 1 (SEGV_MAPERR), si_addr: 0x0000000000000000

Register to memory mapping:

RAX=0x0000000110945900: _ZN22ResourceContextFactory6_mutexE+0 in /Library/Java/JavaVirtualMachines/jdk-9.0.1.jdk/Contents/Home/lib/server/libjvm.dylib at 0x0000000110000000
RBX=0x00007fb43880e000 is a thread
RCX=0x0000000110943ea0: _ZN2os16_processor_countE+0 in /Library/Java/JavaVirtualMachines/jdk-9.0.1.jdk/Contents/Home/lib/server/libjvm.dylib at 0x0000000110000000
RDX=0x0000000000000000 is an unknown value
RSP=0x0000700007f2fd30 is pointing into the stack for thread: 0x00007fb43880e000
RBP=0x0000700007f2fdc0 is pointing into the stack for thread: 0x00007fb43880e000
RSI=0x0000000000000000 is an unknown value
RDI=0x00007fb43880e218 is an unknown value
R8 =0x00007fb43872f280 is an unknown value
R9 =0x0000000000000000 is an unknown value
R10=0x000000011094b150: _ZN19TemplateInterpreter13_active_tableE+0x4000 in /Library/Java/JavaVirtualMachines/jdk-9.0.1.jdk/Contents/Home/lib/server/libjvm.dylib at 0x0000000110000000
R11=0x0000000000000000 is an unknown value
R12=0x00007fb43880e218 is an unknown value
R13=0x9b8cfa26767400e3 is an unknown value
R14=0x0000000000000000 is an unknown value
R15=0x0000000000000000 is an unknown value


Registers:
RAX=0x0000000110945900, RBX=0x00007fb43880e000, RCX=0x0000000110943ea0, RDX=0x0000000000000000
RSP=0x0000700007f2fd30, RBP=0x0000700007f2fdc0, RSI=0x0000000000000000, RDI=0x00007fb43880e218
R8 =0x00007fb43872f280, R9 =0x0000000000000000, R10=0x000000011094b150, R11=0x0000000000000000
R12=0x00007fb43880e218, R13=0x9b8cfa26767400e3, R14=0x0000000000000000, R15=0x0000000000000000
RIP=0x00000001103e191a, EFLAGS=0x0000000000010246, ERR=0x0000000000000004
  TRAPNO=0x000000000000000e

Top of Stack: (sp=0x0000700007f2fd30)
0x0000700007f2fd30:   000070000000000c 0000000000000000
0x0000700007f2fd40:   00007fb43880e000 0000000000000000
0x0000700007f2fd50:   0000700007f2fdc0 00000001103d575a
0x0000700007f2fd60:   0000700007f2fd70 00007fb43880e000
0x0000700007f2fd70:   0000000000000000 00000001107148ed
0x0000700007f2fd80:   0000000000000000 00007fb43880e000
0x0000700007f2fd90:   00007fb43880e000 00007fb43880e218
0x0000700007f2fda0:   00007fb438601d38 9b8cfa26767400e3
0x0000700007f2fdb0:   0000000000000000 00007fb438601d40
0x0000700007f2fdc0:   0000700007f2fe50 000000010f616613
0x0000700007f2fdd0:   0000700007f2fe10 00000001103d4001
0x0000700007f2fde0:   0000700007f2fdf0 0000000110714959
0x0000700007f2fdf0:   0000700007f2fe10 00000001107148ed
0x0000700007f2fe00:   0000000000000000 00007fb43880e218
0x0000700007f2fe10:   0000700007f2fe50 00000001103d4001
0x0000700007f2fe20:   9b8cfa26767400e3 00007fb43880e218
0x0000700007f2fe30:   00007fb438601d38 0000000000000000
0x0000700007f2fe40:   00007fb438601d50 00007fb438601d40
0x0000700007f2fe50:   0000700007f2fef0 000000010f613d58
0x0000700007f2fe60:   0000000000000000 0000000000000000
0x0000700007f2fe70:   0000000000000000 0000000000000000
0x0000700007f2fe80:   00007fb438600198 0000000000000000
0x0000700007f2fe90:   0000000000000001 00007fb4386000f0
0x0000700007f2fea0:   00007fb43880e218 00000001108f80c8
0x0000700007f2feb0:   0000000400010002 00007fb438501f50
0x0000700007f2fec0:   0000000000000000 0000700007f30000
0x0000700007f2fed0:   000000010f61326d 0000000000000000
0x0000700007f2fee0:   0000700007f30000 0000000000000000
0x0000700007f2fef0:   0000700007f2ff20 00007fff50bac6c1
0x0000700007f2ff00:   0000000000000001 0000700007f30000
0x0000700007f2ff10:   00000000180008ff 0000700007ca2ce0
0x0000700007f2ff20:   0000700007f2ff50 00007fff50bac56d 

Instructions: (pc=0x00000001103e191a)
0x00000001103e18fa:   89 e7 4c 89 fe 4c 89 f2 90 0f 1f 40 00 41 f6 c7
0x00000001103e190a:   01 74 0d 4c 89 ff e8 27 b6 02 00 49 89 c7 eb 03
0x00000001103e191a:   4d 8b 3f 4c 89 b5 78 ff ff ff 48 8d 05 ad e0 54
0x00000001103e192a:   00 48 8d 0d e6 db 54 00 80 39 00 48 63 00 74 1e 


---------------  P R O C E S S  ---------------

Java Threads: ( => current thread )
  0x00007fb43a074000 JavaThread "Service Thread" daemon [_thread_blocked, id=23811, stack(0x000070000936f000,0x000070000946f000)]
  0x00007fb439858800 JavaThread "Common-Cleaner" daemon [_thread_blocked, id=43011, stack(0x000070000926c000,0x000070000936c000)]
  0x00007fb43a09f800 JavaThread "Sweeper thread" daemon [_thread_blocked, id=23299, stack(0x0000700009169000,0x0000700009269000)]
  0x00007fb43a09e800 JavaThread "C1 CompilerThread2" daemon [_thread_blocked, id=22787, stack(0x0000700009066000,0x0000700009166000)]
  0x00007fb43a09d800 JavaThread "C2 CompilerThread1" daemon [_thread_blocked, id=22531, stack(0x0000700008f63000,0x0000700009063000)]
  0x00007fb43a09d000 JavaThread "C2 CompilerThread0" daemon [_thread_blocked, id=22019, stack(0x0000700008e60000,0x0000700008f60000)]
  0x00007fb43a09c000 JavaThread "Signal Dispatcher" daemon [_thread_blocked, id=15879, stack(0x0000700008d5d000,0x0000700008e5d000)]
  0x00007fb43a06f000 JavaThread "Finalizer" daemon [_thread_blocked, id=14339, stack(0x0000700008c5a000,0x0000700008d5a000)]
  0x00007fb43985c800 JavaThread "Reference Handler" daemon [_thread_blocked, id=14083, stack(0x0000700008b57000,0x0000700008c57000)]
=>0x00007fb43880e000 JavaThread "main" [_thread_in_vm, id=9219, stack(0x0000700007e30000,0x0000700007f30000)]

Other Threads:
  0x00007fb439848800 VMThread "VM Thread" [stack: 0x0000700008a54000,0x0000700008b54000] [id=18435]
  0x00007fb439859800 WatcherThread [stack: 0x0000700009472000,0x0000700009572000] [id=24067]
  0x00007fb43900d800 GCTaskThread "GC Thread#0" [stack: 0x0000700007f33000,0x0000700008033000] [id=11011]
  0x00007fb43900e000 GCTaskThread "GC Thread#1" [stack: 0x0000700008036000,0x0000700008136000] [id=11267]
  0x00007fb43a005000 GCTaskThread "GC Thread#2" [stack: 0x0000700008139000,0x0000700008239000] [id=20995]
  0x00007fb43a005800 GCTaskThread "GC Thread#3" [stack: 0x000070000823c000,0x000070000833c000] [id=20739]
  0x00007fb43a02e000 ConcurrentGCThread "G1 Main Marker" [stack: 0x000070000884e000,0x000070000894e000] [id=13315]
  0x00007fb43a02f000 ConcurrentGCThread "G1 Marker#0" [stack: 0x0000700008951000,0x0000700008a51000] [id=18691]
  0x00007fb43a008800 ConcurrentGCThread "G1 Refine#0" [stack: 0x0000700008648000,0x0000700008748000] [id=12547]
  0x00007fb43a007800 ConcurrentGCThread "G1 Refine#1" [stack: 0x0000700008545000,0x0000700008645000] [id=12291]
  0x00007fb43a007000 ConcurrentGCThread "G1 Refine#2" [stack: 0x0000700008442000,0x0000700008542000] [id=19971]
  0x00007fb43a006000 ConcurrentGCThread "G1 Refine#3" [stack: 0x000070000833f000,0x000070000843f000] [id=20227]
  0x00007fb43a009000 ConcurrentGCThread "G1 Young RemSet Sampling" [stack: 0x000070000874b000,0x000070000884b000] [id=13059]

Threads with active compile tasks:

VM state:not at safepoint (normal execution)

VM Mutex/Monitor currently owned by a thread: None

Heap address: 0x0000000740000000, size: 2048 MB, Compressed Oops mode: Zero based, Oop shift amount: 3
Narrow klass base: 0x0000000000000000, Narrow klass shift: 3
Compressed class space size: 1073741824 Address: 0x00000007c0000000

Heap:
 garbage-first heap   total 131072K, used 5120K [0x0000000740000000, 0x0000000740100400, 0x00000007c0000000)
  region size 1024K, 6 young (6144K), 0 survivors (0K)
 Metaspace       used 6276K, capacity 6438K, committed 6528K, reserved 1056768K
  class space    used 531K, capacity 570K, committed 640K, reserved 1048576K
Heap Regions: E=young(eden), S=young(survivor), O=old, HS=humongous(starts), HC=humongous(continues), CS=collection set, F=free, A=archive, TS=gc time stamp, AC=allocation context, TAMS=top-at-mark-start (previous, next)
|   0|0x0000000740000000, 0x0000000740000000, 0x0000000740100000|  0%| F|  |TS  0|AC  0|TAMS 0x0000000740000000, 0x0000000740000000|
|   1|0x0000000740100000, 0x0000000740100000, 0x0000000740200000|  0%| F|  |TS  0|AC  0|TAMS 0x0000000740100000, 0x0000000740100000|
|   2|0x0000000740200000, 0x0000000740200000, 0x0000000740300000|  0%| F|  |TS  0|AC  0|TAMS 0x0000000740200000, 0x0000000740200000|
|   3|0x0000000740300000, 0x0000000740300000, 0x0000000740400000|  0%| F|  |TS  0|AC  0|TAMS 0x0000000740300000, 0x0000000740300000|
|   4|0x0000000740400000, 0x0000000740400000, 0x0000000740500000|  0%| F|  |TS  0|AC  0|TAMS 0x0000000740400000, 0x0000000740400000|
|   5|0x0000000740500000, 0x0000000740500000, 0x0000000740600000|  0%| F|  |TS  0|AC  0|TAMS 0x0000000740500000, 0x0000000740500000|
|   6|0x0000000740600000, 0x0000000740600000, 0x0000000740700000|  0%| F|  |TS  0|AC  0|TAMS 0x0000000740600000, 0x0000000740600000|
|   7|0x0000000740700000, 0x0000000740700000, 0x0000000740800000|  0%| F|  |TS  0|AC  0|TAMS 0x0000000740700000, 0x0000000740700000|
|   8|0x0000000740800000, 0x0000000740800000, 0x0000000740900000|  0%| F|  |TS  0|AC  0|TAMS 0x0000000740800000, 0x0000000740800000|
|   9|0x0000000740900000, 0x0000000740900000, 0x0000000740a00000|  0%| F|  |TS  0|AC  0|TAMS 0x0000000740900000, 0x0000000740900000|
|  10|0x0000000740a00000, 0x0000000740a00000, 0x0000000740b00000|  0%| F|  |TS  0|AC  0|TAMS 0x0000000740a00000, 0x0000000740a00000|
|  11|0x0000000740b00000, 0x0000000740b00000, 0x0000000740c00000|  0%| F|  |TS  0|AC  0|TAMS 0x0000000740b00000, 0x0000000740b00000|
|  12|0x0000000740c00000, 0x0000000740c00000, 0x0000000740d00000|  0%| F|  |TS  0|AC  0|TAMS 0x0000000740c00000, 0x0000000740c00000|
|  13|0x0000000740d00000, 0x0000000740d00000, 0x0000000740e00000|  0%| F|  |TS  0|AC  0|TAMS 0x0000000740d00000, 0x0000000740d00000|
|  14|0x0000000740e00000, 0x0000000740e00000, 0x0000000740f00000|  0%| F|  |TS  0|AC  0|TAMS 0x0000000740e00000, 0x0000000740e00000|
|  15|0x0000000740f00000, 0x0000000740f00000, 0x0000000741000000|  0%| F|  |TS  0|AC  0|TAMS 0x0000000740f00000, 0x0000000740f00000|
|  16|0x0000000741000000, 0x0000000741000000, 0x0000000741100000|  0%| F|  |TS  0|AC  0|TAMS 0x0000000741000000, 0x0000000741000000|
|  17|0x0000000741100000, 0x0000000741100000, 0x0000000741200000|  0%| F|  |TS  0|AC  0|TAMS 0x0000000741100000, 0x0000000741100000|
|  18|0x0000000741200000, 0x0000000741200000, 0x0000000741300000|  0%| F|  |TS  0|AC  0|TAMS 0x0000000741200000, 0x0000000741200000|
|  19|0x0000000741300000, 0x0000000741300000, 0x0000000741400000|  0%| F|  |TS  0|AC  0|TAMS 0x0000000741300000, 0x0000000741300000|
|  20|0x0000000741400000, 0x0000000741400000, 0x0000000741500000|  0%| F|  |TS  0|AC  0|TAMS 0x0000000741400000, 0x0000000741400000|
|  21|0x0000000741500000, 0x0000000741500000, 0x0000000741600000|  0%| F|  |TS  0|AC  0|TAMS 0x0000000741500000, 0x0000000741500000|
|  22|0x0000000741600000, 0x0000000741600000, 0x0000000741700000|  0%| F|  |TS  0|AC  0|TAMS 0x0000000741600000, 0x0000000741600000|
|  23|0x0000000741700000, 0x0000000741700000, 0x0000000741800000|  0%| F|  |TS  0|AC  0|TAMS 0x0000000741700000, 0x0000000741700000|
|  24|0x0000000741800000, 0x0000000741800000, 0x0000000741900000|  0%| F|  |TS  0|AC  0|TAMS 0x0000000741800000, 0x0000000741800000|
|  25|0x0000000741900000, 0x0000000741900000, 0x0000000741a00000|  0%| F|  |TS  0|AC  0|TAMS 0x0000000741900000, 0x0000000741900000|
|  26|0x0000000741a00000, 0x0000000741a00000, 0x0000000741b00000|  0%| F|  |TS  0|AC  0|TAMS 0x0000000741a00000, 0x0000000741a00000|
|  27|0x0000000741b00000, 0x0000000741b00000, 0x0000000741c00000|  0%| F|  |TS  0|AC  0|TAMS 0x0000000741b00000, 0x0000000741b00000|
|  28|0x0000000741c00000, 0x0000000741c00000, 0x0000000741d00000|  0%| F|  |TS  0|AC  0|TAMS 0x0000000741c00000, 0x0000000741c00000|
|  29|0x0000000741d00000, 0x0000000741d00000, 0x0000000741e00000|  0%| F|  |TS  0|AC  0|TAMS 0x0000000741d00000, 0x0000000741d00000|
|  30|0x0000000741e00000, 0x0000000741e00000, 0x0000000741f00000|  0%| F|  |TS  0|AC  0|TAMS 0x0000000741e00000, 0x0000000741e00000|
|  31|0x0000000741f00000, 0x0000000741f00000, 0x0000000742000000|  0%| F|  |TS  0|AC  0|TAMS 0x0000000741f00000, 0x0000000741f00000|
|  32|0x0000000742000000, 0x0000000742000000, 0x0000000742100000|  0%| F|  |TS  0|AC  0|TAMS 0x0000000742000000, 0x0000000742000000|
|  33|0x0000000742100000, 0x0000000742100000, 0x0000000742200000|  0%| F|  |TS  0|AC  0|TAMS 0x0000000742100000, 0x0000000742100000|
|  34|0x0000000742200000, 0x0000000742200000, 0x0000000742300000|  0%| F|  |TS  0|AC  0|TAMS 0x0000000742200000, 0x0000000742200000|
|  35|0x0000000742300000, 0x0000000742300000, 0x0000000742400000|  0%| F|  |TS  0|AC  0|TAMS 0x0000000742300000, 0x0000000742300000|
|  36|0x0000000742400000, 0x0000000742400000, 0x0000000742500000|  0%| F|  |TS  0|AC  0|TAMS 0x0000000742400000, 0x0000000742400000|
|  37|0x0000000742500000, 0x0000000742500000, 0x0000000742600000|  0%| F|  |TS  0|AC  0|TAMS 0x0000000742500000, 0x0000000742500000|
|  38|0x0000000742600000, 0x0000000742600000, 0x0000000742700000|  0%| F|  |TS  0|AC  0|TAMS 0x0000000742600000, 0x0000000742600000|
|  39|0x0000000742700000, 0x0000000742700000, 0x0000000742800000|  0%| F|  |TS  0|AC  0|TAMS 0x0000000742700000, 0x0000000742700000|
|  40|0x0000000742800000, 0x0000000742800000, 0x0000000742900000|  0%| F|  |TS  0|AC  0|TAMS 0x0000000742800000, 0x0000000742800000|
|  41|0x0000000742900000, 0x0000000742900000, 0x0000000742a00000|  0%| F|  |TS  0|AC  0|TAMS 0x0000000742900000, 0x0000000742900000|
|  42|0x0000000742a00000, 0x0000000742a00000, 0x0000000742b00000|  0%| F|  |TS  0|AC  0|TAMS 0x0000000742a00000, 0x0000000742a00000|
|  43|0x0000000742b00000, 0x0000000742b00000, 0x0000000742c00000|  0%| F|  |TS  0|AC  0|TAMS 0x0000000742b00000, 0x0000000742b00000|
|  44|0x0000000742c00000, 0x0000000742c00000, 0x0000000742d00000|  0%| F|  |TS  0|AC  0|TAMS 0x0000000742c00000, 0x0000000742c00000|
|  45|0x0000000742d00000, 0x0000000742d00000, 0x0000000742e00000|  0%| F|  |TS  0|AC  0|TAMS 0x0000000742d00000, 0x0000000742d00000|
|  46|0x0000000742e00000, 0x0000000742e00000, 0x0000000742f00000|  0%| F|  |TS  0|AC  0|TAMS 0x0000000742e00000, 0x0000000742e00000|
|  47|0x0000000742f00000, 0x0000000742f00000, 0x0000000743000000|  0%| F|  |TS  0|AC  0|TAMS 0x0000000742f00000, 0x0000000742f00000|
|  48|0x0000000743000000, 0x0000000743000000, 0x0000000743100000|  0%| F|  |TS  0|AC  0|TAMS 0x0000000743000000, 0x0000000743000000|
|  49|0x0000000743100000, 0x0000000743100000, 0x0000000743200000|  0%| F|  |TS  0|AC  0|TAMS 0x0000000743100000, 0x0000000743100000|
|  50|0x0000000743200000, 0x0000000743200000, 0x0000000743300000|  0%| F|  |TS  0|AC  0|TAMS 0x0000000743200000, 0x0000000743200000|
|  51|0x0000000743300000, 0x0000000743300000, 0x0000000743400000|  0%| F|  |TS  0|AC  0|TAMS 0x0000000743300000, 0x0000000743300000|
|  52|0x0000000743400000, 0x0000000743400000, 0x0000000743500000|  0%| F|  |TS  0|AC  0|TAMS 0x0000000743400000, 0x0000000743400000|
|  53|0x0000000743500000, 0x0000000743500000, 0x0000000743600000|  0%| F|  |TS  0|AC  0|TAMS 0x0000000743500000, 0x0000000743500000|
|  54|0x0000000743600000, 0x0000000743600000, 0x0000000743700000|  0%| F|  |TS  0|AC  0|TAMS 0x0000000743600000, 0x0000000743600000|
|  55|0x0000000743700000, 0x0000000743700000, 0x0000000743800000|  0%| F|  |TS  0|AC  0|TAMS 0x0000000743700000, 0x0000000743700000|
|  56|0x0000000743800000, 0x0000000743800000, 0x0000000743900000|  0%| F|  |TS  0|AC  0|TAMS 0x0000000743800000, 0x0000000743800000|
|  57|0x0000000743900000, 0x0000000743900000, 0x0000000743a00000|  0%| F|  |TS  0|AC  0|TAMS 0x0000000743900000, 0x0000000743900000|
|  58|0x0000000743a00000, 0x0000000743a00000, 0x0000000743b00000|  0%| F|  |TS  0|AC  0|TAMS 0x0000000743a00000, 0x0000000743a00000|
|  59|0x0000000743b00000, 0x0000000743b00000, 0x0000000743c00000|  0%| F|  |TS  0|AC  0|TAMS 0x0000000743b00000, 0x0000000743b00000|
|  60|0x0000000743c00000, 0x0000000743c00000, 0x0000000743d00000|  0%| F|  |TS  0|AC  0|TAMS 0x0000000743c00000, 0x0000000743c00000|
|  61|0x0000000743d00000, 0x0000000743d00000, 0x0000000743e00000|  0%| F|  |TS  0|AC  0|TAMS 0x0000000743d00000, 0x0000000743d00000|
|  62|0x0000000743e00000, 0x0000000743e00000, 0x0000000743f00000|  0%| F|  |TS  0|AC  0|TAMS 0x0000000743e00000, 0x0000000743e00000|
|  63|0x0000000743f00000, 0x0000000743f00000, 0x0000000744000000|  0%| F|  |TS  0|AC  0|TAMS 0x0000000743f00000, 0x0000000743f00000|
|  64|0x0000000744000000, 0x0000000744000000, 0x0000000744100000|  0%| F|  |TS  0|AC  0|TAMS 0x0000000744000000, 0x0000000744000000|
|  65|0x0000000744100000, 0x0000000744100000, 0x0000000744200000|  0%| F|  |TS  0|AC  0|TAMS 0x0000000744100000, 0x0000000744100000|
|  66|0x0000000744200000, 0x0000000744200000, 0x0000000744300000|  0%| F|  |TS  0|AC  0|TAMS 0x0000000744200000, 0x0000000744200000|
|  67|0x0000000744300000, 0x0000000744300000, 0x0000000744400000|  0%| F|  |TS  0|AC  0|TAMS 0x0000000744300000, 0x0000000744300000|
|  68|0x0000000744400000, 0x0000000744400000, 0x0000000744500000|  0%| F|  |TS  0|AC  0|TAMS 0x0000000744400000, 0x0000000744400000|
|  69|0x0000000744500000, 0x0000000744500000, 0x0000000744600000|  0%| F|  |TS  0|AC  0|TAMS 0x0000000744500000, 0x0000000744500000|
|  70|0x0000000744600000, 0x0000000744600000, 0x0000000744700000|  0%| F|  |TS  0|AC  0|TAMS 0x0000000744600000, 0x0000000744600000|
|  71|0x0000000744700000, 0x0000000744700000, 0x0000000744800000|  0%| F|  |TS  0|AC  0|TAMS 0x0000000744700000, 0x0000000744700000|
|  72|0x0000000744800000, 0x0000000744800000, 0x0000000744900000|  0%| F|  |TS  0|AC  0|TAMS 0x0000000744800000, 0x0000000744800000|
|  73|0x0000000744900000, 0x0000000744900000, 0x0000000744a00000|  0%| F|  |TS  0|AC  0|TAMS 0x0000000744900000, 0x0000000744900000|
|  74|0x0000000744a00000, 0x0000000744a00000, 0x0000000744b00000|  0%| F|  |TS  0|AC  0|TAMS 0x0000000744a00000, 0x0000000744a00000|
|  75|0x0000000744b00000, 0x0000000744b00000, 0x0000000744c00000|  0%| F|  |TS  0|AC  0|TAMS 0x0000000744b00000, 0x0000000744b00000|
|  76|0x0000000744c00000, 0x0000000744c00000, 0x0000000744d00000|  0%| F|  |TS  0|AC  0|TAMS 0x0000000744c00000, 0x0000000744c00000|
|  77|0x0000000744d00000, 0x0000000744d00000, 0x0000000744e00000|  0%| F|  |TS  0|AC  0|TAMS 0x0000000744d00000, 0x0000000744d00000|
|  78|0x0000000744e00000, 0x0000000744e00000, 0x0000000744f00000|  0%| F|  |TS  0|AC  0|TAMS 0x0000000744e00000, 0x0000000744e00000|
|  79|0x0000000744f00000, 0x0000000744f00000, 0x0000000745000000|  0%| F|  |TS  0|AC  0|TAMS 0x0000000744f00000, 0x0000000744f00000|
|  80|0x0000000745000000, 0x0000000745000000, 0x0000000745100000|  0%| F|  |TS  0|AC  0|TAMS 0x0000000745000000, 0x0000000745000000|
|  81|0x0000000745100000, 0x0000000745100000, 0x0000000745200000|  0%| F|  |TS  0|AC  0|TAMS 0x0000000745100000, 0x0000000745100000|
|  82|0x0000000745200000, 0x0000000745200000, 0x0000000745300000|  0%| F|  |TS  0|AC  0|TAMS 0x0000000745200000, 0x0000000745200000|
|  83|0x0000000745300000, 0x0000000745300000, 0x0000000745400000|  0%| F|  |TS  0|AC  0|TAMS 0x0000000745300000, 0x0000000745300000|
|  84|0x0000000745400000, 0x0000000745400000, 0x0000000745500000|  0%| F|  |TS  0|AC  0|TAMS 0x0000000745400000, 0x0000000745400000|
|  85|0x0000000745500000, 0x0000000745500000, 0x0000000745600000|  0%| F|  |TS  0|AC  0|TAMS 0x0000000745500000, 0x0000000745500000|
|  86|0x0000000745600000, 0x0000000745600000, 0x0000000745700000|  0%| F|  |TS  0|AC  0|TAMS 0x0000000745600000, 0x0000000745600000|
|  87|0x0000000745700000, 0x0000000745700000, 0x0000000745800000|  0%| F|  |TS  0|AC  0|TAMS 0x0000000745700000, 0x0000000745700000|
|  88|0x0000000745800000, 0x0000000745800000, 0x0000000745900000|  0%| F|  |TS  0|AC  0|TAMS 0x0000000745800000, 0x0000000745800000|
|  89|0x0000000745900000, 0x0000000745900000, 0x0000000745a00000|  0%| F|  |TS  0|AC  0|TAMS 0x0000000745900000, 0x0000000745900000|
|  90|0x0000000745a00000, 0x0000000745a00000, 0x0000000745b00000|  0%| F|  |TS  0|AC  0|TAMS 0x0000000745a00000, 0x0000000745a00000|
|  91|0x0000000745b00000, 0x0000000745b00000, 0x0000000745c00000|  0%| F|  |TS  0|AC  0|TAMS 0x0000000745b00000, 0x0000000745b00000|
|  92|0x0000000745c00000, 0x0000000745c00000, 0x0000000745d00000|  0%| F|  |TS  0|AC  0|TAMS 0x0000000745c00000, 0x0000000745c00000|
|  93|0x0000000745d00000, 0x0000000745d00000, 0x0000000745e00000|  0%| F|  |TS  0|AC  0|TAMS 0x0000000745d00000, 0x0000000745d00000|
|  94|0x0000000745e00000, 0x0000000745e00000, 0x0000000745f00000|  0%| F|  |TS  0|AC  0|TAMS 0x0000000745e00000, 0x0000000745e00000|
|  95|0x0000000745f00000, 0x0000000745f00000, 0x0000000746000000|  0%| F|  |TS  0|AC  0|TAMS 0x0000000745f00000, 0x0000000745f00000|
|  96|0x0000000746000000, 0x0000000746000000, 0x0000000746100000|  0%| F|  |TS  0|AC  0|TAMS 0x0000000746000000, 0x0000000746000000|
|  97|0x0000000746100000, 0x0000000746100000, 0x0000000746200000|  0%| F|  |TS  0|AC  0|TAMS 0x0000000746100000, 0x0000000746100000|
|  98|0x0000000746200000, 0x0000000746200000, 0x0000000746300000|  0%| F|  |TS  0|AC  0|TAMS 0x0000000746200000, 0x0000000746200000|
|  99|0x0000000746300000, 0x0000000746300000, 0x0000000746400000|  0%| F|  |TS  0|AC  0|TAMS 0x0000000746300000, 0x0000000746300000|
| 100|0x0000000746400000, 0x0000000746400000, 0x0000000746500000|  0%| F|  |TS  0|AC  0|TAMS 0x0000000746400000, 0x0000000746400000|
| 101|0x0000000746500000, 0x0000000746500000, 0x0000000746600000|  0%| F|  |TS  0|AC  0|TAMS 0x0000000746500000, 0x0000000746500000|
| 102|0x0000000746600000, 0x0000000746600000, 0x0000000746700000|  0%| F|  |TS  0|AC  0|TAMS 0x0000000746600000, 0x0000000746600000|
| 103|0x0000000746700000, 0x0000000746700000, 0x0000000746800000|  0%| F|  |TS  0|AC  0|TAMS 0x0000000746700000, 0x0000000746700000|
| 104|0x0000000746800000, 0x0000000746800000, 0x0000000746900000|  0%| F|  |TS  0|AC  0|TAMS 0x0000000746800000, 0x0000000746800000|
| 105|0x0000000746900000, 0x0000000746900000, 0x0000000746a00000|  0%| F|  |TS  0|AC  0|TAMS 0x0000000746900000, 0x0000000746900000|
| 106|0x0000000746a00000, 0x0000000746a00000, 0x0000000746b00000|  0%| F|  |TS  0|AC  0|TAMS 0x0000000746a00000, 0x0000000746a00000|
| 107|0x0000000746b00000, 0x0000000746b00000, 0x0000000746c00000|  0%| F|  |TS  0|AC  0|TAMS 0x0000000746b00000, 0x0000000746b00000|
| 108|0x0000000746c00000, 0x0000000746c00000, 0x0000000746d00000|  0%| F|  |TS  0|AC  0|TAMS 0x0000000746c00000, 0x0000000746c00000|
| 109|0x0000000746d00000, 0x0000000746d00000, 0x0000000746e00000|  0%| F|  |TS  0|AC  0|TAMS 0x0000000746d00000, 0x0000000746d00000|
| 110|0x0000000746e00000, 0x0000000746e00000, 0x0000000746f00000|  0%| F|  |TS  0|AC  0|TAMS 0x0000000746e00000, 0x0000000746e00000|
| 111|0x0000000746f00000, 0x0000000746f00000, 0x0000000747000000|  0%| F|  |TS  0|AC  0|TAMS 0x0000000746f00000, 0x0000000746f00000|
| 112|0x0000000747000000, 0x0000000747000000, 0x0000000747100000|  0%| F|  |TS  0|AC  0|TAMS 0x0000000747000000, 0x0000000747000000|
| 113|0x0000000747100000, 0x0000000747100000, 0x0000000747200000|  0%| F|  |TS  0|AC  0|TAMS 0x0000000747100000, 0x0000000747100000|
| 114|0x0000000747200000, 0x0000000747200000, 0x0000000747300000|  0%| F|  |TS  0|AC  0|TAMS 0x0000000747200000, 0x0000000747200000|
| 115|0x0000000747300000, 0x0000000747300000, 0x0000000747400000|  0%| F|  |TS  0|AC  0|TAMS 0x0000000747300000, 0x0000000747300000|
| 116|0x0000000747400000, 0x0000000747400000, 0x0000000747500000|  0%| F|  |TS  0|AC  0|TAMS 0x0000000747400000, 0x0000000747400000|
| 117|0x0000000747500000, 0x0000000747500000, 0x0000000747600000|  0%| F|  |TS  0|AC  0|TAMS 0x0000000747500000, 0x0000000747500000|
| 118|0x0000000747600000, 0x0000000747600000, 0x0000000747700000|  0%| F|  |TS  0|AC  0|TAMS 0x0000000747600000, 0x0000000747600000|
| 119|0x0000000747700000, 0x0000000747700000, 0x0000000747800000|  0%| F|  |TS  0|AC  0|TAMS 0x0000000747700000, 0x0000000747700000|
| 120|0x0000000747800000, 0x0000000747800000, 0x0000000747900000|  0%| F|  |TS  0|AC  0|TAMS 0x0000000747800000, 0x0000000747800000|
| 121|0x0000000747900000, 0x0000000747900000, 0x0000000747a00000|  0%| F|  |TS  0|AC  0|TAMS 0x0000000747900000, 0x0000000747900000|
| 122|0x0000000747a00000, 0x0000000747aac140, 0x0000000747b00000| 67%| E|  |TS  0|AC  0|TAMS 0x0000000747a00000, 0x0000000747a00000|
| 123|0x0000000747b00000, 0x0000000747c00000, 0x0000000747c00000|100%| E|CS|TS  0|AC  0|TAMS 0x0000000747b00000, 0x0000000747b00000|
| 124|0x0000000747c00000, 0x0000000747d00000, 0x0000000747d00000|100%| E|CS|TS  0|AC  0|TAMS 0x0000000747c00000, 0x0000000747c00000|
| 125|0x0000000747d00000, 0x0000000747e00000, 0x0000000747e00000|100%| E|CS|TS  0|AC  0|TAMS 0x0000000747d00000, 0x0000000747d00000|
| 126|0x0000000747e00000, 0x0000000747f00000, 0x0000000747f00000|100%| E|CS|TS  0|AC  0|TAMS 0x0000000747e00000, 0x0000000747e00000|
| 127|0x0000000747f00000, 0x0000000748000000, 0x0000000748000000|100%| E|CS|TS  0|AC  0|TAMS 0x0000000747f00000, 0x0000000747f00000|

Card table byte_map: [0x000000011198d000,0x0000000111d8d000] byte_map_base: 0x000000010df8d000

Marking Bits (Prev, Next): (CMBitMap*) 0x00007fb43a02d870, (CMBitMap*) 0x00007fb43a02d8a8
 Prev Bits: [0x000000011218d000, 0x000000011418d000)
 Next Bits: [0x000000011418d000, 0x000000011618d000)

Polling page: 0x000000010f684000

CodeHeap 'non-profiled nmethods': size=120032Kb used=100Kb max_used=100Kb free=119931Kb
 bounds [0x000000012ca43000, 0x000000012ccb3000, 0x0000000133f7b000]
CodeHeap 'profiled nmethods': size=120032Kb used=457Kb max_used=457Kb free=119574Kb
 bounds [0x000000012550b000, 0x000000012577b000, 0x000000012ca43000]
CodeHeap 'non-nmethods': size=5696Kb used=1175Kb max_used=1187Kb free=4520Kb
 bounds [0x0000000124f7b000, 0x00000001251eb000, 0x000000012550b000]
 total_blobs=768 nmethods=336 adapters=234
 compilation: enabled

Compilation events (10 events):
Event: 0.321 Thread 0x00007fb43a09e800  332       3       java.lang.String::endsWith (15 bytes)
Event: 0.321 Thread 0x00007fb43a09e800 nmethod 332 0x000000012557be90 code [0x000000012557c080, 0x000000012557c668]
Event: 0.322 Thread 0x00007fb43a09e800  333       3       java.lang.String::replace (42 bytes)
Event: 0.322 Thread 0x00007fb43a09d000  334       4       java.lang.StringLatin1::inflate (34 bytes)
Event: 0.322 Thread 0x00007fb43a09e800 nmethod 333 0x000000012557c810 code [0x000000012557c9e0, 0x000000012557cd58]
Event: 0.324 Thread 0x00007fb43a09d800  335       4       sun.nio.cs.UTF_8$Encoder::encode (359 bytes)
Event: 0.326 Thread 0x00007fb43a09d000 nmethod 334 0x000000012ca5b790 code [0x000000012ca5b920, 0x000000012ca5bb58]
Event: 0.327 Thread 0x00007fb43a09e800  336       3       java.lang.CharacterDataLatin1::toUpperCase (53 bytes)
Event: 0.327 Thread 0x00007fb43a09e800 nmethod 336 0x000000012557ce90 code [0x000000012557d060, 0x000000012557d330]
Event: 0.329 Thread 0x00007fb43a09d800 nmethod 335 0x000000012ca5bc10 code [0x000000012ca5bda0, 0x000000012ca5c018]

GC Heap History (0 events):
No events

Deoptimization events (2 events):
Event: 0.173 Thread 0x00007fb43880e000 Uncommon trap: reason=unstable_if action=reinterpret pc=0x000000012ca47f1c method=java.lang.StringLatin1.indexOf([BII)I @ 23 c2
Event: 0.190 Thread 0x00007fb43880e000 Uncommon trap: reason=range_check action=reinterpret pc=0x000000012ca46cd0 method=java.lang.StringLatin1.indexOf([BII)I @ 13 c2

Classes redefined (0 events):
No events

Internal exceptions (0 events):
No events

Events (10 events):
Event: 0.324 loading class javax/servlet/ServletResponse
Event: 0.324 loading class javax/servlet/ServletResponse done
Event: 0.325 loading class org/apache/catalina/Wrapper
Event: 0.325 loading class org/apache/catalina/Wrapper done
Event: 0.326 loading class java/lang/PublicMethods$Key
Event: 0.326 loading class java/lang/PublicMethods$Key done
Event: 0.327 loading class org/apache/catalina/startup/Tomcat
Event: 0.327 loading class org/apache/catalina/startup/Tomcat done
Event: 0.328 loading class java/lang/Class$EnclosingMethodInfo
Event: 0.328 loading class java/lang/Class$EnclosingMethodInfo done


Dynamic libraries:
0x00007fff287eb000 	/System/Library/Frameworks/Cocoa.framework/Versions/A/Cocoa
0x00007fff34ba8000 	/System/Library/Frameworks/Security.framework/Versions/A/Security
0x00007fff2745a000 	/System/Library/Frameworks/ApplicationServices.framework/Versions/A/ApplicationServices
0x00007fff50708000 	/usr/lib/libz.1.dylib
0x00007fff4e71c000 	/usr/lib/libSystem.B.dylib
0x00007fff28f85000 	/System/Library/Frameworks/CoreFoundation.framework/Versions/A/CoreFoundation
0x00007fff2b0bb000 	/System/Library/Frameworks/Foundation.framework/Versions/C/Foundation
0x00007fff4fd1d000 	/usr/lib/libobjc.A.dylib
0x00007fff265ab000 	/System/Library/Frameworks/AppKit.framework/Versions/C/AppKit
0x00007fff28b63000 	/System/Library/Frameworks/CoreData.framework/Versions/A/CoreData
0x00007fff4815d000 	/System/Library/PrivateFrameworks/RemoteViewServices.framework/Versions/A/RemoteViewServices
0x00007fff4c7b2000 	/System/Library/PrivateFrameworks/UIFoundation.framework/Versions/A/UIFoundation
0x00007fff3d1a7000 	/System/Library/PrivateFrameworks/DFRFoundation.framework/Versions/A/DFRFoundation
0x00007fff2d592000 	/System/Library/Frameworks/Metal.framework/Versions/A/Metal
0x00007fff3d348000 	/System/Library/PrivateFrameworks/DesktopServicesPriv.framework/Versions/A/DesktopServicesPriv
0x00007fff4f31f000 	/usr/lib/libenergytrace.dylib
0x00007fff4a8d6000 	/System/Library/PrivateFrameworks/SkyLight.framework/Versions/A/SkyLight
0x00007fff29427000 	/System/Library/Frameworks/CoreGraphics.framework/Versions/A/CoreGraphics
0x00007fff4e717000 	/usr/lib/libScreenReader.dylib
0x00007fff2556c000 	/System/Library/Frameworks/Accelerate.framework/Versions/A/Accelerate
0x00007fff2b832000 	/System/Library/Frameworks/IOSurface.framework/Versions/A/IOSurface
0x00007fff279a4000 	/System/Library/Frameworks/AudioToolbox.framework/Versions/A/AudioToolbox
0x00007fff27c31000 	/System/Library/Frameworks/AudioUnit.framework/Versions/A/AudioUnit
0x00007fff3d243000 	/System/Library/PrivateFrameworks/DataDetectorsCore.framework/Versions/A/DataDetectorsCore
0x00007fff282f2000 	/System/Library/Frameworks/Carbon.framework/Versions/A/Frameworks/HIToolbox.framework/Versions/A/HIToolbox
0x00007fff4f479000 	/usr/lib/libicucore.A.dylib
0x00007fff34127000 	/System/Library/Frameworks/QuartzCore.framework/Versions/A/QuartzCore
0x00007fff286d8000 	/System/Library/Frameworks/Carbon.framework/Versions/A/Frameworks/SpeechRecognition.framework/Versions/A/SpeechRecognition
0x00007fff4e878000 	/usr/lib/libauto.dylib
0x00007fff505f7000 	/usr/lib/libxml2.2.dylib
0x00007fff3ce21000 	/System/Library/PrivateFrameworks/CoreUI.framework/Versions/A/CoreUI
0x00007fff28a3f000 	/System/Library/Frameworks/CoreAudio.framework/Versions/A/CoreAudio
0x00007fff2aef5000 	/System/Library/Frameworks/DiskArbitration.framework/Versions/A/DiskArbitration
0x00007fff4f6ed000 	/usr/lib/liblangid.dylib
0x00007fff446a8000 	/System/Library/PrivateFrameworks/MultitouchSupport.framework/Versions/A/MultitouchSupport
0x00007fff2b795000 	/System/Library/Frameworks/IOKit.framework/Versions/A/IOKit
0x00007fff4e3b4000 	/usr/lib/libDiagnosticMessagesClient.dylib
0x00007fff2a0e5000 	/System/Library/Frameworks/CoreServices.framework/Versions/A/CoreServices
0x00007fff46142000 	/System/Library/PrivateFrameworks/PerformanceAnalysis.framework/Versions/A/PerformanceAnalysis
0x00007fff332d1000 	/System/Library/Frameworks/OpenGL.framework/Versions/A/OpenGL
0x00007fff287f9000 	/System/Library/Frameworks/ColorSync.framework/Versions/A/ColorSync
0x00007fff29a36000 	/System/Library/Frameworks/CoreImage.framework/Versions/A/CoreImage
0x00007fff2aa66000 	/System/Library/Frameworks/CoreText.framework/Versions/A/CoreText
0x00007fff2b890000 	/System/Library/Frameworks/ImageIO.framework/Versions/A/ImageIO
0x00007fff3967a000 	/System/Library/PrivateFrameworks/Backup.framework/Versions/A/Backup
0x00007fff4e7c8000 	/usr/lib/libarchive.2.dylib
0x00007fff27f46000 	/System/Library/Frameworks/CFNetwork.framework/Versions/A/CFNetwork
0x00007fff35324000 	/System/Library/Frameworks/SystemConfiguration.framework/Versions/A/SystemConfiguration
0x00007fff4e2dd000 	/usr/lib/libCRFSuite.dylib
0x00007fff4e950000 	/usr/lib/libc++.1.dylib
0x00007fff4e9a7000 	/usr/lib/libc++abi.dylib
0x00007fff507b8000 	/usr/lib/system/libcache.dylib
0x00007fff507bd000 	/usr/lib/system/libcommonCrypto.dylib
0x00007fff507c8000 	/usr/lib/system/libcompiler_rt.dylib
0x00007fff507d0000 	/usr/lib/system/libcopyfile.dylib
0x00007fff507d9000 	/usr/lib/system/libcorecrypto.dylib
0x00007fff508e6000 	/usr/lib/system/libdispatch.dylib
0x00007fff50920000 	/usr/lib/system/libdyld.dylib
0x00007fff5093e000 	/usr/lib/system/libkeymgr.dylib
0x00007fff5094c000 	/usr/lib/system/liblaunch.dylib
0x00007fff5094d000 	/usr/lib/system/libmacho.dylib
0x00007fff50952000 	/usr/lib/system/libquarantine.dylib
0x00007fff50955000 	/usr/lib/system/libremovefile.dylib
0x00007fff50957000 	/usr/lib/system/libsystem_asl.dylib
0x00007fff5096f000 	/usr/lib/system/libsystem_blocks.dylib
0x00007fff50970000 	/usr/lib/system/libsystem_c.dylib
0x00007fff509fa000 	/usr/lib/system/libsystem_configuration.dylib
0x00007fff509fe000 	/usr/lib/system/libsystem_coreservices.dylib
0x00007fff50a02000 	/usr/lib/system/libsystem_darwin.dylib
0x00007fff50a04000 	/usr/lib/system/libsystem_dnssd.dylib
0x00007fff50a0b000 	/usr/lib/system/libsystem_info.dylib
0x00007fff50a7b000 	/usr/lib/system/libsystem_m.dylib
0x00007fff50ac7000 	/usr/lib/system/libsystem_malloc.dylib
0x00007fff50ae7000 	/usr/lib/system/libsystem_network.dylib
0x00007fff50b8c000 	/usr/lib/system/libsystem_networkextension.dylib
0x00007fff50b97000 	/usr/lib/system/libsystem_notify.dylib
0x00007fff50bb5000 	/usr/lib/system/libsystem_sandbox.dylib
0x00007fff50bb9000 	/usr/lib/system/libsystem_secinit.dylib
0x00007fff50a55000 	/usr/lib/system/libsystem_kernel.dylib
0x00007fff50ba1000 	/usr/lib/system/libsystem_platform.dylib
0x00007fff50ba9000 	/usr/lib/system/libsystem_pthread.dylib
0x00007fff50bbb000 	/usr/lib/system/libsystem_symptoms.dylib
0x00007fff50bc3000 	/usr/lib/system/libsystem_trace.dylib
0x00007fff50bd8000 	/usr/lib/system/libunwind.dylib
0x00007fff50bde000 	/usr/lib/system/libxpc.dylib
0x00007fff4e20a000 	/usr/lib/closure/libclosured.dylib
0x00007fff4e931000 	/usr/lib/libbsm.0.dylib
0x00007fff5093f000 	/usr/lib/system/libkxld.dylib
0x00007fff4e5ee000 	/usr/lib/libOpenScriptingUtil.dylib
0x00007fff4eca1000 	/usr/lib/libcoretls.dylib
0x00007fff4ecba000 	/usr/lib/libcoretls_cfhelpers.dylib
0x00007fff5011e000 	/usr/lib/libpam.2.dylib
0x00007fff50244000 	/usr/lib/libsqlite3.dylib
0x00007fff505e6000 	/usr/lib/libxar.1.dylib
0x00007fff4e942000 	/usr/lib/libbz2.1.0.dylib
0x00007fff4f6ef000 	/usr/lib/liblzma.5.dylib
0x00007fff4fbd0000 	/usr/lib/libnetwork.dylib
0x00007fff4e7b1000 	/usr/lib/libapple_nghttp2.dylib
0x00007fff50125000 	/usr/lib/libpcap.A.dylib
0x00007fff4e879000 	/usr/lib/libboringssl.dylib
0x00007fff505a8000 	/usr/lib/libusrtcp.dylib
0x00007fff4e7b0000 	/usr/lib/libapple_crypto.dylib
0x00007fff2a468000 	/System/Library/Frameworks/CoreServices.framework/Versions/A/Frameworks/FSEvents.framework/Versions/A/FSEvents
0x00007fff2a15b000 	/System/Library/Frameworks/CoreServices.framework/Versions/A/Frameworks/CarbonCore.framework/Versions/A/CarbonCore
0x00007fff2a62a000 	/System/Library/Frameworks/CoreServices.framework/Versions/A/Frameworks/Metadata.framework/Versions/A/Metadata
0x00007fff2a6da000 	/System/Library/Frameworks/CoreServices.framework/Versions/A/Frameworks/OSServices.framework/Versions/A/OSServices
0x00007fff2a738000 	/System/Library/Frameworks/CoreServices.framework/Versions/A/Frameworks/SearchKit.framework/Versions/A/SearchKit
0x00007fff2a0e6000 	/System/Library/Frameworks/CoreServices.framework/Versions/A/Frameworks/AE.framework/Versions/A/AE
0x00007fff2a471000 	/System/Library/Frameworks/CoreServices.framework/Versions/A/Frameworks/LaunchServices.framework/Versions/A/LaunchServices
0x00007fff2a433000 	/System/Library/Frameworks/CoreServices.framework/Versions/A/Frameworks/DictionaryServices.framework/Versions/A/DictionaryServices
0x00007fff2a7a7000 	/System/Library/Frameworks/CoreServices.framework/Versions/A/Frameworks/SharedFileList.framework/Versions/A/SharedFileList
0x00007fff2e75e000 	/System/Library/Frameworks/NetFS.framework/Versions/A/NetFS
0x00007fff44935000 	/System/Library/PrivateFrameworks/NetAuth.framework/Versions/A/NetAuth
0x00007fff4e0a4000 	/System/Library/PrivateFrameworks/login.framework/Versions/A/Frameworks/loginsupport.framework/Versions/A/loginsupport
0x00007fff4c436000 	/System/Library/PrivateFrameworks/TCC.framework/Versions/A/TCC
0x00007fff4f7d0000 	/usr/lib/libmecabra.dylib
0x00007fff2745b000 	/System/Library/Frameworks/ApplicationServices.framework/Versions/A/Frameworks/ATS.framework/Versions/A/ATS
0x00007fff27809000 	/System/Library/Frameworks/ApplicationServices.framework/Versions/A/Frameworks/ColorSyncLegacy.framework/Versions/A/ColorSyncLegacy
0x00007fff278ad000 	/System/Library/Frameworks/ApplicationServices.framework/Versions/A/Frameworks/HIServices.framework/Versions/A/HIServices
0x00007fff27900000 	/System/Library/Frameworks/ApplicationServices.framework/Versions/A/Frameworks/LangAnalysis.framework/Versions/A/LangAnalysis
0x00007fff2790f000 	/System/Library/Frameworks/ApplicationServices.framework/Versions/A/Frameworks/PrintCore.framework/Versions/A/PrintCore
0x00007fff2795c000 	/System/Library/Frameworks/ApplicationServices.framework/Versions/A/Frameworks/QD.framework/Versions/A/QD
0x00007fff27997000 	/System/Library/Frameworks/ApplicationServices.framework/Versions/A/Frameworks/SpeechSynthesis.framework/Versions/A/SpeechSynthesis
0x00007fff28eb8000 	/System/Library/Frameworks/CoreDisplay.framework/Versions/A/CoreDisplay
0x00007fff25584000 	/System/Library/Frameworks/Accelerate.framework/Versions/A/Frameworks/vImage.framework/Versions/A/vImage
0x00007fff262bb000 	/System/Library/Frameworks/Accelerate.framework/Versions/A/Frameworks/vecLib.framework/Versions/A/vecLib
0x00007fff2605d000 	/System/Library/Frameworks/Accelerate.framework/Versions/A/Frameworks/vecLib.framework/Versions/A/libvDSP.dylib
0x00007fff25bde000 	/System/Library/Frameworks/Accelerate.framework/Versions/A/Frameworks/vecLib.framework/Versions/A/libBNNS.dylib
0x00007fff25fe4000 	/System/Library/Frameworks/Accelerate.framework/Versions/A/Frameworks/vecLib.framework/Versions/A/libQuadrature.dylib
0x00007fff2620a000 	/System/Library/Frameworks/Accelerate.framework/Versions/A/Frameworks/vecLib.framework/Versions/A/libvMisc.dylib
0x00007fff25c0d000 	/System/Library/Frameworks/Accelerate.framework/Versions/A/Frameworks/vecLib.framework/Versions/A/libLAPACK.dylib
0x00007fff25a83000 	/System/Library/Frameworks/Accelerate.framework/Versions/A/Frameworks/vecLib.framework/Versions/A/libBLAS.dylib
0x00007fff25fce000 	/System/Library/Frameworks/Accelerate.framework/Versions/A/Frameworks/vecLib.framework/Versions/A/libLinearAlgebra.dylib
0x00007fff25fea000 	/System/Library/Frameworks/Accelerate.framework/Versions/A/Frameworks/vecLib.framework/Versions/A/libSparse.dylib
0x00007fff26049000 	/System/Library/Frameworks/Accelerate.framework/Versions/A/Frameworks/vecLib.framework/Versions/A/libSparseBLAS.dylib
0x00007fff42fdb000 	/System/Library/PrivateFrameworks/IOAccelerator.framework/Versions/A/IOAccelerator
0x00007fff42fe6000 	/System/Library/PrivateFrameworks/IOPresentment.framework/Versions/A/IOPresentment
0x00007fff3d1b9000 	/System/Library/PrivateFrameworks/DSExternalDisplay.framework/Versions/A/DSExternalDisplay
0x00007fff32753000 	/System/Library/Frameworks/OpenGL.framework/Versions/A/Libraries/libCoreFSCache.dylib
0x00007fff2abb5000 	/System/Library/Frameworks/CoreVideo.framework/Versions/A/CoreVideo
0x00007fff4262e000 	/System/Library/PrivateFrameworks/GraphVisualizer.framework/Versions/A/GraphVisualizer
0x00007fff2d755000 	/System/Library/Frameworks/MetalPerformanceShaders.framework/Versions/A/MetalPerformanceShaders
0x00007fff4e3ec000 	/usr/lib/libFosl_dynamic.dylib
0x00007fff3e1ec000 	/System/Library/PrivateFrameworks/FaceCore.framework/Versions/A/FaceCore
0x00007fff3155b000 	/System/Library/Frameworks/OpenCL.framework/Versions/A/OpenCL
0x00007fff4e9de000 	/usr/lib/libcompression.dylib
0x00007fff2755a000 	/System/Library/Frameworks/ApplicationServices.framework/Versions/A/Frameworks/ATS.framework/Versions/A/Resources/libFontParser.dylib
0x00007fff2767d000 	/System/Library/Frameworks/ApplicationServices.framework/Versions/A/Frameworks/ATS.framework/Versions/A/Resources/libFontRegistry.dylib
0x00007fff2baf5000 	/System/Library/Frameworks/ImageIO.framework/Versions/A/Resources/libJPEG.dylib
0x00007fff2be1e000 	/System/Library/Frameworks/ImageIO.framework/Versions/A/Resources/libTIFF.dylib
0x00007fff2bdf4000 	/System/Library/Frameworks/ImageIO.framework/Versions/A/Resources/libPng.dylib
0x00007fff2ba08000 	/System/Library/Frameworks/ImageIO.framework/Versions/A/Resources/libGIF.dylib
0x00007fff2ba0d000 	/System/Library/Frameworks/ImageIO.framework/Versions/A/Resources/libJP2.dylib
0x00007fff2be1b000 	/System/Library/Frameworks/ImageIO.framework/Versions/A/Resources/libRadiance.dylib
0x00007fff38ddb000 	/System/Library/PrivateFrameworks/AppleJPEG.framework/Versions/A/AppleJPEG
0x00007fff44426000 	/System/Library/PrivateFrameworks/MetalTools.framework/Versions/A/MetalTools
0x00007fff2d62e000 	/System/Library/Frameworks/MetalPerformanceShaders.framework/Frameworks/MPSCore.framework/Versions/A/MPSCore
0x00007fff2d644000 	/System/Library/Frameworks/MetalPerformanceShaders.framework/Frameworks/MPSImage.framework/Versions/A/MPSImage
0x00007fff2d6b0000 	/System/Library/Frameworks/MetalPerformanceShaders.framework/Frameworks/MPSMatrix.framework/Versions/A/MPSMatrix
0x00007fff2d6d4000 	/System/Library/Frameworks/MetalPerformanceShaders.framework/Frameworks/MPSNeuralNetwork.framework/Versions/A/MPSNeuralNetwork
0x00007fff3291b000 	/System/Library/Frameworks/OpenGL.framework/Versions/A/Libraries/libGLU.dylib
0x00007fff3275d000 	/System/Library/Frameworks/OpenGL.framework/Versions/A/Libraries/libGFXShared.dylib
0x00007fff32766000 	/System/Library/Frameworks/OpenGL.framework/Versions/A/Libraries/libGL.dylib
0x00007fff32772000 	/System/Library/Frameworks/OpenGL.framework/Versions/A/Libraries/libGLImage.dylib
0x00007fff32750000 	/System/Library/Frameworks/OpenGL.framework/Versions/A/Libraries/libCVMSPluginSupport.dylib
0x00007fff32758000 	/System/Library/Frameworks/OpenGL.framework/Versions/A/Libraries/libCoreVMClient.dylib
0x00007fff4f18b000 	/usr/lib/libcups.2.dylib
0x00007fff2cbfa000 	/System/Library/Frameworks/Kerberos.framework/Versions/A/Kerberos
0x00007fff2b4f0000 	/System/Library/Frameworks/GSS.framework/Versions/A/GSS
0x00007fff501d8000 	/usr/lib/libresolv.9.dylib
0x00007fff4f387000 	/usr/lib/libiconv.2.dylib
0x00007fff426b5000 	/System/Library/PrivateFrameworks/Heimdal.framework/Versions/A/Heimdal
0x00007fff4f356000 	/usr/lib/libheimdal-asn1.dylib
0x00007fff315c6000 	/System/Library/Frameworks/OpenDirectory.framework/Versions/A/OpenDirectory
0x00007fff3b091000 	/System/Library/PrivateFrameworks/CommonAuth.framework/Versions/A/CommonAuth
0x00007fff315a9000 	/System/Library/Frameworks/OpenDirectory.framework/Versions/A/Frameworks/CFOpenDirectory.framework/Versions/A/CFOpenDirectory
0x00007fff34ec0000 	/System/Library/Frameworks/SecurityFoundation.framework/Versions/A/SecurityFoundation
0x00007fff37fc7000 	/System/Library/PrivateFrameworks/APFS.framework/Versions/A/APFS
0x00007fff505e2000 	/usr/lib/libutil.dylib
0x00007fff38e5e000 	/System/Library/PrivateFrameworks/AppleSauce.framework/Versions/A/AppleSauce
0x00007fff437bd000 	/System/Library/PrivateFrameworks/LinguisticData.framework/Versions/A/LinguisticData
0x00007fff4f709000 	/usr/lib/libmarisa.dylib
0x00007fff43777000 	/System/Library/PrivateFrameworks/Lexicon.framework/Versions/A/Lexicon
0x00007fff4e317000 	/usr/lib/libChineseTokenizer.dylib
0x00007fff4e9cd000 	/usr/lib/libcmph.dylib
0x00007fff43681000 	/System/Library/PrivateFrameworks/LanguageModeling.framework/Versions/A/LanguageModeling
0x00007fff3baa7000 	/System/Library/PrivateFrameworks/CoreEmoji.framework/Versions/A/CoreEmoji
0x00007fff34f7c000 	/System/Library/Frameworks/ServiceManagement.framework/Versions/A/ServiceManagement
0x00007fff39672000 	/System/Library/PrivateFrameworks/BackgroundTaskManagement.framework/Versions/A/BackgroundTaskManagement
0x00007fff506df000 	/usr/lib/libxslt.1.dylib
0x00007fff28602000 	/System/Library/Frameworks/Carbon.framework/Versions/A/Frameworks/Ink.framework/Versions/A/Ink
0x00007fff4c64a000 	/System/Library/PrivateFrameworks/TextureIO.framework/Versions/A/TextureIO
0x00007fff4e7f3000 	/usr/lib/libate.dylib
0x00007fff3d11b000 	/System/Library/PrivateFrameworks/CrashReporterSupport.framework/Versions/A/CrashReporterSupport
0x00007fff49a9d000 	/System/Library/PrivateFrameworks/Sharing.framework/Versions/A/Sharing
0x00007fff433c7000 	/System/Library/PrivateFrameworks/IconServices.framework/Versions/A/IconServices
0x00007fff47f5e000 	/System/Library/PrivateFrameworks/ProtocolBuffer.framework/Versions/A/ProtocolBuffer
0x00007fff38c66000 	/System/Library/PrivateFrameworks/Apple80211.framework/Versions/A/Apple80211
0x00007fff2abf0000 	/System/Library/Frameworks/CoreWLAN.framework/Versions/A/CoreWLAN
0x00007fff3cf56000 	/System/Library/PrivateFrameworks/CoreUtils.framework/Versions/A/CoreUtils
0x00007fff2b632000 	/System/Library/Frameworks/IOBluetooth.framework/Versions/A/IOBluetooth
0x00007fff3d0b6000 	/System/Library/PrivateFrameworks/CoreWiFi.framework/Versions/A/CoreWiFi
0x00007fff28b39000 	/System/Library/Frameworks/CoreBluetooth.framework/Versions/A/CoreBluetooth
0x00007fff49bd8000 	/System/Library/PrivateFrameworks/SignpostNotification.framework/Versions/A/SignpostNotification
0x00007fff3d307000 	/System/Library/PrivateFrameworks/DebugSymbols.framework/Versions/A/DebugSymbols
0x00007fff3cd0d000 	/System/Library/PrivateFrameworks/CoreSymbolication.framework/Versions/A/CoreSymbolication
0x00007fff4bec0000 	/System/Library/PrivateFrameworks/Symbolication.framework/Versions/A/Symbolication
0x00007fff38c90000 	/System/Library/PrivateFrameworks/AppleFSCompression.framework/Versions/A/AppleFSCompression
0x00007fff4b321000 	/System/Library/PrivateFrameworks/SpeechRecognitionCore.framework/Versions/A/SpeechRecognitionCore
0x00007fff21672000 	/System/Library/CoreServices/Encodings/libSimplifiedChineseConverter.dylib
0x0000000110000000 	/Library/Java/JavaVirtualMachines/jdk-9.0.1.jdk/Contents/Home/lib/server/libjvm.dylib
0x00007fff504d9000 	/usr/lib/libstdc++.6.0.9.dylib
0x000000010f642000 	/Library/Java/JavaVirtualMachines/jdk-9.0.1.jdk/Contents/Home/lib/libverify.dylib
0x000000010f64f000 	/Library/Java/JavaVirtualMachines/jdk-9.0.1.jdk/Contents/Home/lib/libjava.dylib
0x000000010f6cd000 	/Library/Java/JavaVirtualMachines/jdk-9.0.1.jdk/Contents/Home/lib/libzip.dylib
0x000000010f6d5000 	/Library/Java/JavaVirtualMachines/jdk-9.0.1.jdk/Contents/Home/lib/libjimage.dylib
0x0000000118f2b000 	/Library/Java/JavaVirtualMachines/jdk-9.0.1.jdk/Contents/Home/lib/libnio.dylib
0x0000000118f3b000 	/Library/Java/JavaVirtualMachines/jdk-9.0.1.jdk/Contents/Home/lib/./libnet.dylib

VM Arguments:
jvm_args: -Dfile.encoding=UTF-8 
java_command: org.apache.catalina.startup.Tomcat$1
java_class_path (initial): /Users/junhaoqu/Desktop/team-106/phaseC/target/classes:/Users/junhaoqu/.m2/repository/org/springframework/boot/spring-boot-starter-data-jpa/1.5.10.RELEASE/spring-boot-starter-data-jpa-1.5.10.RELEASE.jar:/Users/junhaoqu/.m2/repository/org/springframework/boot/spring-boot-starter/1.5.10.RELEASE/spring-boot-starter-1.5.10.RELEASE.jar:/Users/junhaoqu/.m2/repository/org/springframework/boot/spring-boot/1.5.10.RELEASE/spring-boot-1.5.10.RELEASE.jar:/Users/junhaoqu/.m2/repository/org/springframework/boot/spring-boot-autoconfigure/1.5.10.RELEASE/spring-boot-autoconfigure-1.5.10.RELEASE.jar:/Users/junhaoqu/.m2/repository/org/springframework/boot/spring-boot-starter-logging/1.5.10.RELEASE/spring-boot-starter-logging-1.5.10.RELEASE.jar:/Users/junhaoqu/.m2/repository/ch/qos/logback/logback-classic/1.1.11/logback-classic-1.1.11.jar:/Users/junhaoqu/.m2/repository/ch/qos/logback/logback-core/1.1.11/logback-core-1.1.11.jar:/Users/junhaoqu/.m2/repository/org/slf4j/jul-to-slf4j/1.7.25/jul-to-slf4j-1.7.25.jar:/Users/junhaoqu/.m2/repository/org/slf4j/log4j-over-slf4j/1.7.25/log4j-over-slf4j-1.7.25.jar:/Users/junhaoqu/.m2/repository/org/yaml/snakeyaml/1.17/snakeyaml-1.17.jar:/Users/junhaoqu/.m2/repository/org/springframework/boot/spring-boot-starter-aop/1.5.10.RELEASE/spring-boot-starter-aop-1.5.10.RELEASE.jar:/Users/junhaoqu/.m2/repository/org/springframework/spring-aop/4.3.14.RELEASE/spring-aop-4.3.14.RELEASE.jar:/Users/junhaoqu/.m2/repository/org/aspectj/aspectjweaver/1.8.13/aspectjweaver-1.8.13.jar:/Users/junhaoqu/.m2/repository/org/springframework/boot/spring-boot-starter-jdbc/1.5.10.RELEASE/spring-boot-starter-jdbc-1.5.10.RELEASE.jar:/Users/junhaoqu/.m2/repository/org/apache/tomcat/tomcat-jdbc/8.5.27/tomcat-jdbc-8.5.27.jar:/Users/junhaoqu/.m2/repository/org/apache/tomcat/tomcat-juli/8.5.27/tomcat-juli-8.5.27.jar:/Users/junhaoqu/.m2/repository/org/springframework/spring-jdbc/4.3.14.RELEASE/spring-jdbc-4.3.14.RELEASE.jar:/Users/junhaoqu/.m2/repository/or
Launcher Type: SUN_STANDARD

Logging:
Log output configuration:
#0: stdout all=warning uptime,level,tags
#1: stderr all=off uptime,level,tags

Environment Variables:
PATH=/usr/bin:/bin:/usr/sbin:/sbin
SHELL=/bin/bash

Signal Handlers:
SIGSEGV: [libjvm.dylib+0x73e2dc], sa_mask[0]=11111111011111110111111111111111, sa_flags=SA_ONSTACK|SA_RESTART|SA_SIGINFO
SIGBUS: [libjvm.dylib+0x73e2dc], sa_mask[0]=11111111011111110111111111111111, sa_flags=SA_RESTART|SA_SIGINFO
SIGFPE: [libjvm.dylib+0x73e2dc], sa_mask[0]=11111111011111110111111111111111, sa_flags=SA_RESTART|SA_SIGINFO
SIGPIPE: [libjvm.dylib+0x5f15ac], sa_mask[0]=11111111011111110111111111111111, sa_flags=SA_RESTART|SA_SIGINFO
SIGXFSZ: [libjvm.dylib+0x5f15ac], sa_mask[0]=11111111011111110111111111111111, sa_flags=SA_RESTART|SA_SIGINFO
SIGILL: [libjvm.dylib+0x73e2dc], sa_mask[0]=11111111011111110111111111111111, sa_flags=SA_RESTART|SA_SIGINFO
SIGUSR2: [libjvm.dylib+0x5f1e3c], sa_mask[0]=00100000000000000000000000000000, sa_flags=SA_RESTART|SA_SIGINFO
SIGHUP: [libjvm.dylib+0x5f0679], sa_mask[0]=11111111011111110111111111111111, sa_flags=SA_RESTART|SA_SIGINFO
SIGINT: [libjvm.dylib+0x5f0679], sa_mask[0]=11111111011111110111111111111111, sa_flags=SA_RESTART|SA_SIGINFO
SIGTERM: [libjvm.dylib+0x5f0679], sa_mask[0]=11111111011111110111111111111111, sa_flags=SA_RESTART|SA_SIGINFO
SIGQUIT: [libjvm.dylib+0x5f0679], sa_mask[0]=11111111011111110111111111111111, sa_flags=SA_RESTART|SA_SIGINFO


---------------  S Y S T E M  ---------------

OS:uname:Darwin 17.4.0 Darwin Kernel Version 17.4.0: Sun Dec 17 09:19:54 PST 2017; root:xnu-4570.41.2~1/RELEASE_X86_64 x86_64
rlimit: STACK 8192k, CORE 0k, NPROC 709, NOFILE 10240, AS infinity
load average:2.60 2.47 2.44

CPU:total 4 (initial active 4) (2 cores per cpu, 2 threads per core) family 6 model 61 stepping 4, cmov, cx8, fxsr, mmx, sse, sse2, sse3, ssse3, sse4.1, sse4.2, popcnt, avx, avx2, aes, clmul, erms, 3dnowpref, lzcnt, ht, tsc, tscinvbit, bmi1, bmi2, adx, fma

Memory: 4k page, physical 8388608k(883640k free)

vm_info: Java HotSpot(TM) 64-Bit Server VM (9.0.1+11) for bsd-amd64 JRE (9.0.1+11), built on Sep 28 2017 03:49:57 by "mach5one" with gcc 4.2.1 Compatible Apple LLVM 6.1.0 (clang-602.0.49)

END.
